<?xml version="1.0" encoding="UTF-8"?>
<robot generator="Robot 6.1.1 (Python 3.11.4 on darwin)" generated="20230905 11:33:25.984" rpa="false" schemaversion="4">
<suite id="s1" name="BookBank" source="/Users/pinpinn/rpa-automation/Testcases/BookBank.robot">
<test id="s1-t1" name="TS-001 Verify Upload Document Page" line="9">
<kw name="Open Browser And Sign In With Username And Password" library="LoginKeyword">
<arg>${username1}</arg>
<arg>${password1}</arg>
<kw name="Open Browser" library="SeleniumLibrary">
<arg>${url}</arg>
<arg>chrome</arg>
<doc>Opens a new browser instance to the optional ``url``.</doc>
<msg timestamp="20230905 11:33:26.061" level="INFO">Opening browser 'chrome' to base url 'https://documate-sit.appman.co.th/'.</msg>
<status status="PASS" starttime="20230905 11:33:26.060" endtime="20230905 11:33:29.447"/>
</kw>
<kw name="Set Window Position" library="SeleniumLibrary">
<arg>0</arg>
<arg>0</arg>
<doc>Sets window position using ``x`` and ``y`` coordinates.</doc>
<status status="PASS" starttime="20230905 11:33:29.450" endtime="20230905 11:33:29.562"/>
</kw>
<kw name="Maximize Browser Window" library="SeleniumLibrary">
<doc>Maximizes current browser window.</doc>
<status status="PASS" starttime="20230905 11:33:29.563" endtime="20230905 11:33:30.017"/>
</kw>
<kw name="Enter Username" library="LoginPage">
<arg>${username}</arg>
<kw name="Wait Until Element Is Visible" library="SeleniumLibrary">
<arg>${username}</arg>
<arg>10s</arg>
<doc>Waits until the element ``locator`` is visible.</doc>
<status status="PASS" starttime="20230905 11:33:30.023" endtime="20230905 11:33:33.067"/>
</kw>
<kw name="Input Text" library="SeleniumLibrary">
<arg>${username}</arg>
<arg>${value}</arg>
<doc>Types the given ``text`` into the text field identified by ``locator``.</doc>
<msg timestamp="20230905 11:33:33.068" level="INFO">Typing text 'contact@appman.co.th' into text field '//*[@name="username"]'.</msg>
<status status="PASS" starttime="20230905 11:33:33.067" endtime="20230905 11:33:33.143"/>
</kw>
<status status="PASS" starttime="20230905 11:33:30.018" endtime="20230905 11:33:33.143"/>
</kw>
<kw name="Enter Password" library="LoginPage">
<arg>${password}</arg>
<kw name="Wait Until Element Is Visible" library="SeleniumLibrary">
<arg>${password}</arg>
<arg>10s</arg>
<doc>Waits until the element ``locator`` is visible.</doc>
<status status="PASS" starttime="20230905 11:33:33.143" endtime="20230905 11:33:33.152"/>
</kw>
<kw name="Input Text" library="SeleniumLibrary">
<arg>${password}</arg>
<arg>${value}</arg>
<doc>Types the given ``text`` into the text field identified by ``locator``.</doc>
<msg timestamp="20230905 11:33:33.152" level="INFO">Typing text 'documate1234@Appman' into text field '//*[@name="password"]'.</msg>
<status status="PASS" starttime="20230905 11:33:33.152" endtime="20230905 11:33:33.190"/>
</kw>
<status status="PASS" starttime="20230905 11:33:33.143" endtime="20230905 11:33:33.190"/>
</kw>
<kw name="Click Sign In Button" library="LoginPage">
<kw name="Run Until Keyword Succeed" library="Utils">
<arg>Click Element</arg>
<arg>${signInBtn}</arg>
<doc>Run keyword until it succeeds or timeout is reached</doc>
<kw name="Wait Until Keyword Succeeds" library="BuiltIn">
<arg>10s</arg>
<arg>1s</arg>
<arg>${keyword}</arg>
<arg>${args}</arg>
<doc>Runs the specified keyword and retries if it fails.</doc>
<kw name="Click Element" library="SeleniumLibrary">
<arg>${args}</arg>
<doc>Click the element identified by ``locator``.</doc>
<msg timestamp="20230905 11:33:33.193" level="INFO">Clicking element '//body/div[@id='root']/div[1]/div[1]/div[2]/div[1]/form[1]/button[1]'.</msg>
<status status="PASS" starttime="20230905 11:33:33.193" endtime="20230905 11:33:33.218"/>
</kw>
<status status="PASS" starttime="20230905 11:33:33.190" endtime="20230905 11:33:33.218"/>
</kw>
<status status="PASS" starttime="20230905 11:33:33.190" endtime="20230905 11:33:33.218"/>
</kw>
<status status="PASS" starttime="20230905 11:33:33.190" endtime="20230905 11:33:33.218"/>
</kw>
<status status="PASS" starttime="20230905 11:33:26.060" endtime="20230905 11:33:33.218"/>
</kw>
<kw name="Upload Document On Document Page" library="UploadDocumentKeyword">
<arg>Bank book</arg>
<kw name="Verify Document Page" library="UploadDocumentPage">
<kw name="Wait Until Element Is Visible" library="SeleniumLibrary">
<arg>${DocumentLabel}</arg>
<arg>15s</arg>
<doc>Waits until the element ``locator`` is visible.</doc>
<status status="PASS" starttime="20230905 11:33:33.218" endtime="20230905 11:33:37.778"/>
</kw>
<kw name="Wait Until Element Is Visible" library="SeleniumLibrary">
<arg>${SelectDocumentTypeLable}</arg>
<arg>15s</arg>
<doc>Waits until the element ``locator`` is visible.</doc>
<status status="PASS" starttime="20230905 11:33:37.779" endtime="20230905 11:33:37.787"/>
</kw>
<kw name="Wait Until Element Is Visible" library="SeleniumLibrary">
<arg>${SubmitBtn}</arg>
<arg>15s</arg>
<doc>Waits until the element ``locator`` is visible.</doc>
<status status="PASS" starttime="20230905 11:33:37.787" endtime="20230905 11:33:37.799"/>
</kw>
<status status="PASS" starttime="20230905 11:33:33.218" endtime="20230905 11:33:37.799"/>
</kw>
<kw name="Select Document Type" library="UploadDocumentPage">
<arg>${documentType}</arg>
<doc>Select Document Type</doc>
<kw name="Wait Until Element Is Visible" library="SeleniumLibrary">
<arg>${DocumentInputDropDown}</arg>
<arg>15s</arg>
<doc>Waits until the element ``locator`` is visible.</doc>
<status status="PASS" starttime="20230905 11:33:37.800" endtime="20230905 11:33:38.451"/>
</kw>
<kw name="Wait Until Element Is Visible" library="SeleniumLibrary">
<arg>${SelectDocumentInput}</arg>
<arg>15s</arg>
<doc>Waits until the element ``locator`` is visible.</doc>
<status status="PASS" starttime="20230905 11:33:38.451" endtime="20230905 11:33:38.464"/>
</kw>
<kw name="Input Text" library="SeleniumLibrary">
<arg>${SelectDocumentInput}</arg>
<arg>${value}</arg>
<doc>Types the given ``text`` into the text field identified by ``locator``.</doc>
<msg timestamp="20230905 11:33:38.465" level="INFO">Typing text 'Bank book' into text field '//*[@id="document-autocomplete"]'.</msg>
<status status="PASS" starttime="20230905 11:33:38.464" endtime="20230905 11:33:38.526"/>
</kw>
<kw name="Press Keys" library="SeleniumLibrary">
<arg>${SelectDocumentInput}</arg>
<arg>ARROW_DOWN</arg>
<arg>ENTER</arg>
<doc>Simulates the user pressing key(s) to an element or on the active browser.</doc>
<msg timestamp="20230905 11:33:38.527" level="INFO">Sending key(s) ('ARROW_DOWN', 'ENTER') to //*[@id="document-autocomplete"] element.</msg>
<msg timestamp="20230905 11:33:38.796" level="INFO">Pressing special key ARROW_DOWN to element.</msg>
<msg timestamp="20230905 11:33:38.796" level="INFO">Releasing special key ARROW_DOWN.</msg>
<msg timestamp="20230905 11:33:38.799" level="INFO">Pressing special key ENTER to element.</msg>
<msg timestamp="20230905 11:33:38.800" level="INFO">Releasing special key ENTER.</msg>
<status status="PASS" starttime="20230905 11:33:38.526" endtime="20230905 11:33:38.825"/>
</kw>
<status status="PASS" starttime="20230905 11:33:37.799" endtime="20230905 11:33:38.825"/>
</kw>
<kw name="Upload Document File" library="UploadDocumentPage">
<kw name="Choose File" library="SeleniumLibrary">
<arg>${UploadArea}</arg>
<arg>${EXECDIR}/Resourses/TestData/bookBank/bookbank1.jpg</arg>
<doc>Inputs the ``file_path`` into the file input field ``locator``.</doc>
<msg timestamp="20230905 11:33:38.825" level="INFO">Sending /Users/pinpinn/rpa-automation/Resourses/TestData/bookBank/bookbank1.jpg to browser.</msg>
<status status="PASS" starttime="20230905 11:33:38.825" endtime="20230905 11:33:38.857"/>
</kw>
<status status="PASS" starttime="20230905 11:33:38.825" endtime="20230905 11:33:38.857"/>
</kw>
<kw name="Click Submit Button" library="UploadDocumentPage">
<kw name="Run Until Keyword Succeed" library="Utils">
<arg>Click Element</arg>
<arg>${SubmitBtn}</arg>
<doc>Run keyword until it succeeds or timeout is reached</doc>
<kw name="Wait Until Keyword Succeeds" library="BuiltIn">
<arg>10s</arg>
<arg>1s</arg>
<arg>${keyword}</arg>
<arg>${args}</arg>
<doc>Runs the specified keyword and retries if it fails.</doc>
<kw name="Click Element" library="SeleniumLibrary">
<arg>${args}</arg>
<doc>Click the element identified by ``locator``.</doc>
<msg timestamp="20230905 11:33:38.860" level="INFO">Clicking element '//body/div[@id='root']/div[2]/div[2]/div[1]/div[1]/div[1]/div[1]/div[1]/div[2]/button[1]'.</msg>
<status status="PASS" starttime="20230905 11:33:38.860" endtime="20230905 11:33:38.904"/>
</kw>
<status status="PASS" starttime="20230905 11:33:38.858" endtime="20230905 11:33:38.904"/>
</kw>
<status status="PASS" starttime="20230905 11:33:38.857" endtime="20230905 11:33:38.904"/>
</kw>
<status status="PASS" starttime="20230905 11:33:38.857" endtime="20230905 11:33:38.904"/>
</kw>
<kw name="Click Review The Document" library="UploadDocumentPage">
<kw name="Sleep" library="BuiltIn">
<arg>2s</arg>
<doc>Pauses the test executed for the given time.</doc>
<msg timestamp="20230905 11:33:40.906" level="INFO">Slept 2 seconds</msg>
<status status="PASS" starttime="20230905 11:33:38.905" endtime="20230905 11:33:40.906"/>
</kw>
<kw name="Run Keyword And Ignore Error" library="BuiltIn">
<arg>Scroll Element Into View</arg>
<arg>${LoadingIcon}</arg>
<doc>Runs the given keyword with the given arguments and ignores possible error.</doc>
<kw name="Scroll Element Into View" library="SeleniumLibrary">
<arg>${LoadingIcon}</arg>
<doc>Scrolls the element identified by ``locator`` into view.</doc>
<msg timestamp="20230905 11:33:40.908" level="WARN">Keyword 'Capture Page Screenshot' could not be run on failure: Message: no such window: target window already closed
from unknown error: web view not found
  (Session info: chrome=116.0.5845.140)
Stacktrace:
0   chromedriver                        0x000000010071a65c chromedriver + 4318812
1   chromedriver                        0x0000000100712d00 chromedriver + 4287744
2   chromedriver                        0x00000001003447ec chromedriver + 296940
3   chromedriver                        0x000000010031c6e4 chromedriver + 132836
4   chromedriver                        0x00000001003a7de4 chromedriver + 703972
5   chromedriver                        0x00000001003ba5b8 chromedriver + 779704
6   chromedriver                        0x0000000100376178 chromedriver + 500088
7   chromedriver                        0x0000000100376fc0 chromedriver + 503744
8   chromedriver                        0x00000001006dac40 chromedriver + 4058176
9   chromedriver                        0x00000001006df160 chromedriver + 4075872
10  chromedriver                        0x00000001006a2e68 chromedriver + 3829352
11  chromedriver                        0x00000001006dfc4c chromedriver + 4078668
12  chromedriver                        0x00000001006b7f08 chromedriver + 3915528
13  chromedriver                        0x00000001006fc140 chromedriver + 4194624
14  chromedriver                        0x00000001006fc2c4 chromedriver + 4195012
15  chromedriver                        0x000000010070c4d0 chromedriver + 4261072
16  libsystem_pthread.dylib             0x000000018626426c _pthread_start + 148
17  libsystem_pthread.dylib             0x000000018625f08c thread_start + 8
</msg>
<msg timestamp="20230905 11:33:40.909" level="FAIL">NoSuchWindowException: Message: no such window: target window already closed
from unknown error: web view not found
  (Session info: chrome=116.0.5845.140)
Stacktrace:
0   chromedriver                        0x000000010071a65c chromedriver + 4318812
1   chromedriver                        0x0000000100712d00 chromedriver + 4287744
2   chromedriver                        0x00000001003447ec chromedriver + 296940
3   chromedriver                        0x000000010031c6e4 chromedriver + 132836
4   chromedriver                        0x00000001003a7de4 chromedriver + 703972
5   chromedriver                        0x00000001003ba5b8 chromedriver + 779704
6   chromedriver                        0x0000000100376178 chromedriver + 500088
7   chromedriver                        0x0000000100376fc0 chromedriver + 503744
8   chromedriver                        0x00000001006dac40 chromedriver + 4058176
9   chromedriver                        0x00000001006df160 chromedriver + 4075872
10  chromedriver                        0x00000001006a2e68 chromedriver + 3829352
11  chromedriver                        0x00000001006dfc4c chromedriver + 4078668
12  chromedriver                        0x00000001006b7f08 chromedriver + 3915528
13  chromedriver                        0x00000001006fc140 chromedriver + 4194624
14  chromedriver                        0x00000001006fc2c4 chromedriver + 4195012
15  chromedriver                        0x000000010070c4d0 chromedriver + 4261072
16  libsystem_pthread.dylib             0x000000018626426c _pthread_start + 148
17  libsystem_pthread.dylib             0x000000018625f08c thread_start + 8
</msg>
<status status="FAIL" starttime="20230905 11:33:40.906" endtime="20230905 11:33:40.912"/>
</kw>
<status status="PASS" starttime="20230905 11:33:40.906" endtime="20230905 11:33:40.912"/>
</kw>
<kw name="Wait Until Element Is Visible" library="SeleniumLibrary">
<arg>${LoadingIcon}</arg>
<arg>10s</arg>
<doc>Waits until the element ``locator`` is visible.</doc>
<msg timestamp="20230905 11:33:40.914" level="WARN">Keyword 'Capture Page Screenshot' could not be run on failure: Message: no such window: target window already closed
from unknown error: web view not found
  (Session info: chrome=116.0.5845.140)
Stacktrace:
0   chromedriver                        0x000000010071a65c chromedriver + 4318812
1   chromedriver                        0x0000000100712d00 chromedriver + 4287744
2   chromedriver                        0x00000001003447ec chromedriver + 296940
3   chromedriver                        0x000000010031c6e4 chromedriver + 132836
4   chromedriver                        0x00000001003a7de4 chromedriver + 703972
5   chromedriver                        0x00000001003ba5b8 chromedriver + 779704
6   chromedriver                        0x0000000100376178 chromedriver + 500088
7   chromedriver                        0x0000000100376fc0 chromedriver + 503744
8   chromedriver                        0x00000001006dac40 chromedriver + 4058176
9   chromedriver                        0x00000001006df160 chromedriver + 4075872
10  chromedriver                        0x00000001006a2e68 chromedriver + 3829352
11  chromedriver                        0x00000001006dfc4c chromedriver + 4078668
12  chromedriver                        0x00000001006b7f08 chromedriver + 3915528
13  chromedriver                        0x00000001006fc140 chromedriver + 4194624
14  chromedriver                        0x00000001006fc2c4 chromedriver + 4195012
15  chromedriver                        0x000000010070c4d0 chromedriver + 4261072
16  libsystem_pthread.dylib             0x000000018626426c _pthread_start + 148
17  libsystem_pthread.dylib             0x000000018625f08c thread_start + 8
</msg>
<msg timestamp="20230905 11:33:40.914" level="FAIL">NoSuchWindowException: Message: no such window: target window already closed
from unknown error: web view not found
  (Session info: chrome=116.0.5845.140)
Stacktrace:
0   chromedriver                        0x000000010071a65c chromedriver + 4318812
1   chromedriver                        0x0000000100712d00 chromedriver + 4287744
2   chromedriver                        0x00000001003447ec chromedriver + 296940
3   chromedriver                        0x000000010031c6e4 chromedriver + 132836
4   chromedriver                        0x00000001003a7de4 chromedriver + 703972
5   chromedriver                        0x00000001003ba5b8 chromedriver + 779704
6   chromedriver                        0x0000000100376178 chromedriver + 500088
7   chromedriver                        0x0000000100376fc0 chromedriver + 503744
8   chromedriver                        0x00000001006dac40 chromedriver + 4058176
9   chromedriver                        0x00000001006df160 chromedriver + 4075872
10  chromedriver                        0x00000001006a2e68 chromedriver + 3829352
11  chromedriver                        0x00000001006dfc4c chromedriver + 4078668
12  chromedriver                        0x00000001006b7f08 chromedriver + 3915528
13  chromedriver                        0x00000001006fc140 chromedriver + 4194624
14  chromedriver                        0x00000001006fc2c4 chromedriver + 4195012
15  chromedriver                        0x000000010070c4d0 chromedriver + 4261072
16  libsystem_pthread.dylib             0x000000018626426c _pthread_start + 148
17  libsystem_pthread.dylib             0x000000018625f08c thread_start + 8
</msg>
<status status="FAIL" starttime="20230905 11:33:40.912" endtime="20230905 11:33:40.919"/>
</kw>
<kw name="Wait Until Element Is Enabled" library="SeleniumLibrary">
<arg>${FirstEditButton}</arg>
<arg>30s</arg>
<doc>Waits until the element ``locator`` is enabled.</doc>
<status status="NOT RUN" starttime="20230905 11:33:40.919" endtime="20230905 11:33:40.919"/>
</kw>
<kw name="Click Element" library="SeleniumLibrary">
<arg>${FirstEditButton}</arg>
<doc>Click the element identified by ``locator``.</doc>
<status status="NOT RUN" starttime="20230905 11:33:40.919" endtime="20230905 11:33:40.919"/>
</kw>
<status status="FAIL" starttime="20230905 11:33:38.904" endtime="20230905 11:33:40.919"/>
</kw>
<status status="FAIL" starttime="20230905 11:33:33.218" endtime="20230905 11:33:40.919"/>
</kw>
<kw name="Verify Element In Book Bank Page" library="BankBookEditorKeyword">
<status status="NOT RUN" starttime="20230905 11:33:40.919" endtime="20230905 11:33:40.919"/>
</kw>
<kw name="Input Book Bank Detail" library="BankBookEditorKeyword">
<status status="NOT RUN" starttime="20230905 11:33:40.919" endtime="20230905 11:33:40.919"/>
</kw>
<status status="FAIL" starttime="20230905 11:33:26.060" endtime="20230905 11:33:40.919">NoSuchWindowException: Message: no such window: target window already closed
from unknown error: web view not found
  (Session info: chrome=116.0.5845.140)
Stacktrace:
0   chromedriver                        0x000000010071a65c chromedriver + 4318812
1   chromedriver                        0x0000000100712d00 chromedriver + 4287744
2   chromedriver                        0x00000001003447ec chromedriver + 296940
3   chromedriver                        0x000000010031c6e4 chromedriver + 132836
4   chromedriver                        0x00000001003a7de4 chromedriver + 703972
5   chromedriver                        0x00000001003ba5b8 chromedriver + 779704
6   chromedriver                        0x0000000100376178 chromedriver + 500088
7   chromedriver                        0x0000000100376fc0 chromedriver + 503744
8   chromedriver                        0x00000001006dac40 chromedriver + 4058176
9   chromedriver                        0x00000001006df160 chromedriver + 4075872
10  chromedriver                        0x00000001006a2e68 chromedriver + 3829352
11  chromedriver                        0x00000001006dfc4c chromedriver + 4078668
12  chromedriver                        0x00000001006b7f08 chromedriver + 3915528
13  chromedriver                        0x00000001006fc140 chromedriver + 4194624
14  chromedriver                        0x00000001006fc2c4 chromedriver + 4195012
15  chromedriver                        0x000000010070c4d0 chromedriver + 4261072
16  libsystem_pthread.dylib             0x000000018626426c _pthread_start + 148
17  libsystem_pthread.dylib             0x000000018625f08c thread_start + 8
</status>
</test>
<status status="FAIL" starttime="20230905 11:33:25.984" endtime="20230905 11:33:40.921"/>
</suite>
<statistics>
<total>
<stat pass="0" fail="1" skip="0">All Tests</stat>
</total>
<tag>
</tag>
<suite>
<stat pass="0" fail="1" skip="0" id="s1" name="BookBank">BookBank</stat>
</suite>
</statistics>
<errors>
<msg timestamp="20230905 11:33:40.908" level="WARN">Keyword 'Capture Page Screenshot' could not be run on failure: Message: no such window: target window already closed
from unknown error: web view not found
  (Session info: chrome=116.0.5845.140)
Stacktrace:
0   chromedriver                        0x000000010071a65c chromedriver + 4318812
1   chromedriver                        0x0000000100712d00 chromedriver + 4287744
2   chromedriver                        0x00000001003447ec chromedriver + 296940
3   chromedriver                        0x000000010031c6e4 chromedriver + 132836
4   chromedriver                        0x00000001003a7de4 chromedriver + 703972
5   chromedriver                        0x00000001003ba5b8 chromedriver + 779704
6   chromedriver                        0x0000000100376178 chromedriver + 500088
7   chromedriver                        0x0000000100376fc0 chromedriver + 503744
8   chromedriver                        0x00000001006dac40 chromedriver + 4058176
9   chromedriver                        0x00000001006df160 chromedriver + 4075872
10  chromedriver                        0x00000001006a2e68 chromedriver + 3829352
11  chromedriver                        0x00000001006dfc4c chromedriver + 4078668
12  chromedriver                        0x00000001006b7f08 chromedriver + 3915528
13  chromedriver                        0x00000001006fc140 chromedriver + 4194624
14  chromedriver                        0x00000001006fc2c4 chromedriver + 4195012
15  chromedriver                        0x000000010070c4d0 chromedriver + 4261072
16  libsystem_pthread.dylib             0x000000018626426c _pthread_start + 148
17  libsystem_pthread.dylib             0x000000018625f08c thread_start + 8
</msg>
<msg timestamp="20230905 11:33:40.914" level="WARN">Keyword 'Capture Page Screenshot' could not be run on failure: Message: no such window: target window already closed
from unknown error: web view not found
  (Session info: chrome=116.0.5845.140)
Stacktrace:
0   chromedriver                        0x000000010071a65c chromedriver + 4318812
1   chromedriver                        0x0000000100712d00 chromedriver + 4287744
2   chromedriver                        0x00000001003447ec chromedriver + 296940
3   chromedriver                        0x000000010031c6e4 chromedriver + 132836
4   chromedriver                        0x00000001003a7de4 chromedriver + 703972
5   chromedriver                        0x00000001003ba5b8 chromedriver + 779704
6   chromedriver                        0x0000000100376178 chromedriver + 500088
7   chromedriver                        0x0000000100376fc0 chromedriver + 503744
8   chromedriver                        0x00000001006dac40 chromedriver + 4058176
9   chromedriver                        0x00000001006df160 chromedriver + 4075872
10  chromedriver                        0x00000001006a2e68 chromedriver + 3829352
11  chromedriver                        0x00000001006dfc4c chromedriver + 4078668
12  chromedriver                        0x00000001006b7f08 chromedriver + 3915528
13  chromedriver                        0x00000001006fc140 chromedriver + 4194624
14  chromedriver                        0x00000001006fc2c4 chromedriver + 4195012
15  chromedriver                        0x000000010070c4d0 chromedriver + 4261072
16  libsystem_pthread.dylib             0x000000018626426c _pthread_start + 148
17  libsystem_pthread.dylib             0x000000018625f08c thread_start + 8
</msg>
</errors>
</robot>
